#
# There is insufficient memory for the Java Runtime Environment to continue.
# Native memory allocation (malloc) failed to allocate 78496 bytes for Chunk::new
# Possible reasons:
#   The system is out of physical RAM or swap space
#   In 32 bit mode, the process size limit was hit
# Possible solutions:
#   Reduce memory load on the system
#   Increase physical memory or swap space
#   Check if swap backing store is full
#   Use 64 bit Java on a 64 bit OS
#   Decrease Java heap size (-Xmx/-Xms)
#   Decrease number of Java threads
#   Decrease Java thread stack sizes (-Xss)
#   Set larger code cache with -XX:ReservedCodeCacheSize=
# This output file may be truncated or incomplete.
#
#  Out of Memory Error (allocation.cpp:390), pid=17776, tid=18372
#
# JRE version: Java(TM) SE Runtime Environment (8.0_73-b02) (build 1.8.0_73-b02)
# Java VM: Java HotSpot(TM) 64-Bit Server VM (25.73-b02 mixed mode windows-amd64 compressed oops)
# Failed to write core dump. Minidumps are not enabled by default on client versions of Windows
#

---------------  T H R E A D  ---------------

Current thread (0x00000000151bb000):  JavaThread "C2 CompilerThread0" daemon [_thread_in_native, id=18372, stack(0x0000000016700000,0x0000000016800000)]

Stack: [0x0000000016700000,0x0000000016800000]
[error occurred during error reporting (printing stack bounds), id 0xc0000005]

Native frames: (J=compiled Java code, j=interpreted, Vv=VM code, C=native code)


Current CompileTask:
C2:   5460  224       4       com.android.dx.rop.cst.CstString::utf8BytesToString (391 bytes)


---------------  P R O C E S S  ---------------

Java Threads: ( => current thread )
  0x0000000016a71800 JavaThread "pool-1-thread-4" [_thread_new, id=18684, stack(0x0000000000000000,0x0000000000000000)]
  0x0000000016968000 JavaThread "pool-1-thread-3" [_thread_new, id=11220, stack(0x0000000000000000,0x0000000000000000)]
  0x0000000016967000 JavaThread "pool-1-thread-2" [_thread_new, id=18484, stack(0x0000000000000000,0x0000000000000000)]
  0x0000000016966800 JavaThread "pool-2-thread-1" [_thread_new, id=6468, stack(0x0000000000000000,0x0000000000000000)]
  0x0000000016959800 JavaThread "pool-1-thread-1" [_thread_in_Java, id=14496, stack(0x0000000017000000,0x0000000017100000)]
  0x000000001686a000 JavaThread "Service Thread" daemon [_thread_blocked, id=17752, stack(0x0000000016e00000,0x0000000016f00000)]
  0x0000000016863800 JavaThread "C1 CompilerThread2" daemon [_thread_blocked, id=18120, stack(0x0000000016d00000,0x0000000016e00000)]
  0x00000000151be800 JavaThread "C2 CompilerThread1" daemon [_thread_blocked, id=14540, stack(0x0000000016c00000,0x0000000016d00000)]
=>0x00000000151bb000 JavaThread "C2 CompilerThread0" daemon [_thread_in_native, id=18372, stack(0x0000000016700000,0x0000000016800000)]
  0x00000000151ba800 JavaThread "Attach Listener" daemon [_thread_blocked, id=18368, stack(0x0000000016600000,0x0000000016700000)]
  0x000000001516d800 JavaThread "Signal Dispatcher" daemon [_thread_blocked, id=15372, stack(0x0000000016500000,0x0000000016600000)]
  0x0000000002a81800 JavaThread "Finalizer" daemon [_thread_blocked, id=11140, stack(0x00000000163b0000,0x00000000164b0000)]
  0x0000000002a7e800 JavaThread "Reference Handler" daemon [_thread_blocked, id=14860, stack(0x00000000162b0000,0x00000000163b0000)]
  0x0000000002990800 JavaThread "main" [_thread_in_vm, id=19340, stack(0x0000000002860000,0x0000000002960000)]

Other Threads:
  0x0000000015127000 VMThread [stack: 0x00000000161b0000,0x00000000162b0000] [id=19212]
  0x00000000168b5000 WatcherThread [stack: 0x0000000016f00000,0x0000000017000000] [id=9640]

VM state:not at safepoint (normal execution)

VM Mutex/Monitor currently owned by a thread: None

Heap:
 PSYoungGen      total 18944K, used 4608K [0x00000000eab00000, 0x00000000ec000000, 0x0000000100000000)
  eden space 16384K, 28% used [0x00000000eab00000,0x00000000eaf80008,0x00000000ebb00000)
  from space 2560K, 0% used [0x00000000ebd80000,0x00000000ebd80000,0x00000000ec000000)
  to   space 2560K, 0% used [0x00000000ebb00000,0x00000000ebb00000,0x00000000ebd80000)
 ParOldGen       total 44032K, used 0K [0x00000000c0000000, 0x00000000c2b00000, 0x00000000eab00000)
  object space 44032K, 0% used [0x00000000c0000000,0x00000000c0000000,0x00000000c2b00000)
 Metaspace       used 3973K, capacity 5104K, committed 5376K, reserved 1056768K
  class space    used 445K, capacity 488K, committed 512K, reserved 1048576K

Card table byte_map: [0x0000000011e50000,0x0000000012060000] byte_map_base: 0x0000000011850000

Marking Bits: (ParMarkBitMap*) 0x0000000066300600
 Begin Bits: [0x00000000125c0000, 0x00000000135c0000)
 End Bits:   [0x00000000135c0000, 0x00000000145c0000)

Polling page: 0x00000000024e0000

CodeCache: size=245760Kb used=1592Kb max_used=1604Kb free=244167Kb
 bounds [0x0000000002a90000, 0x0000000002d00000, 0x0000000011a90000]
 total_blobs=486 nmethods=226 adapters=173
 compilation: enabled

Compilation events (10 events):
Event: 5.445 Thread 0x0000000016863800  219       1       java.util.jar.Manifest::getEntries (5 bytes)
Event: 5.445 Thread 0x0000000016863800 nmethod 219 0x0000000002c17b90 code [0x0000000002c17ce0, 0x0000000002c17df0]
Event: 5.445 Thread 0x0000000016863800  220       1       java.util.jar.Manifest::getMainAttributes (5 bytes)
Event: 5.446 Thread 0x0000000016863800 nmethod 220 0x0000000002c17e50 code [0x0000000002c17fa0, 0x0000000002c180b0]
Event: 5.446 Thread 0x0000000016863800  222   !   3       com.android.dx.rop.type.Type::intern (319 bytes)
Event: 5.447 Thread 0x00000000151bb000  224       4       com.android.dx.rop.cst.CstString::utf8BytesToString (391 bytes)
Event: 5.449 Thread 0x0000000016863800 nmethod 222 0x0000000002c18110 code [0x0000000002c18580, 0x0000000002c1afc8]
Event: 5.450 Thread 0x0000000016863800  223       3       java.lang.StringBuilder::append (8 bytes)
Event: 5.450 Thread 0x0000000016863800 nmethod 223 0x0000000002c1c690 code [0x0000000002c1c800, 0x0000000002c1cb68]
Event: 5.450 Thread 0x0000000016863800  221       1       java.util.jar.JarFile::access$300 (5 bytes)

GC Heap History (0 events):
No events

Deoptimization events (0 events):
No events

Internal exceptions (2 events):
Event: 1.926 Thread 0x0000000002990800 Exception <a 'java/lang/NoSuchMethodError': Method sun.misc.Unsafe.defineClass(Ljava/lang/String;[BII)Ljava/lang/Class; name or signature does not match> (0x00000000eab130b8) thrown at [D:\re\puppet\workspace\8-2-build-windows-amd64-cygwin\jdk8u73\6086\hotT×N#7Óþ?
Event: 1.927 Thread 0x0000000002990800 Exception <a 'java/lang/NoSuchMethodError': Method sun.misc.Unsafe.prefetchRead(Ljava/lang/Object;J)V name or signature does not match> (0x00000000eab133a0) thrown at [D:\re\puppet\workspace\8-2-build-windows-amd64-cygwin\jdk8u73\6086\hotspot\src\share\vm\

Events (10 events):
Event: 5.311 loading class com/android/dx/cf/direct/DirectClassFile$DcfTypeList
Event: 5.311 loading class com/android/dx/cf/direct/DirectClassFile$DcfTypeList done
Event: 5.429 loading class com/android/dx/cf/attrib/AttExceptions
Event: 5.429 loading class com/android/dx/cf/attrib/AttExceptions done
Event: 5.430 loading class com/android/dx/cf/code/ByteCatchList$Item
Event: 5.430 loading class com/android/dx/cf/code/ByteCatchList$Item done
Event: 5.435 loading class com/android/dx/cf/attrib/AttEnclosingMethod
Event: 5.435 loading class com/android/dx/cf/attrib/AttEnclosingMethod done
Event: 5.444 loading class com/android/dx/cf/attrib/AttSignature
Event: 5.444 loading class com/android/dx/cf/attrib/AttSignature done


Dynamic libraries:
0x00007ff65d290000 - 0x00007ff65d2c7000 	D:\Android-Develop\jdk8\bin\java.exe
0x00007ffe4e480000 - 0x00007ffe4e62d000 	C:\windows\SYSTEM32\ntdll.dll
0x00007ffe4d6d0000 - 0x00007ffe4d80e000 	C:\windows\system32\KERNEL32.DLL
0x00007ffe4b6c0000 - 0x00007ffe4b7d5000 	C:\windows\system32\KERNELBASE.dll
0x00007ffe4a150000 - 0x00007ffe4a1de000 	C:\windows\system32\apphelp.dll
0x00007ffe341e0000 - 0x00007ffe34233000 	C:\windows\AppPatch\AppPatch64\AcGenral.DLL
0x00007ffe4dd60000 - 0x00007ffe4de0a000 	C:\windows\system32\msvcrt.dll
0x00007ffe4b890000 - 0x00007ffe4b8be000 	C:\windows\system32\SspiCli.dll
0x00007ffe4db50000 - 0x00007ffe4dba4000 	C:\windows\system32\SHLWAPI.dll
0x00007ffe4d9d0000 - 0x00007ffe4db47000 	C:\windows\system32\USER32.dll
0x00007ffe4dbc0000 - 0x00007ffe4dd54000 	C:\windows\system32\ole32.dll
0x00007ffe4bb00000 - 0x00007ffe4d028000 	C:\windows\system32\SHELL32.dll
0x00007ffe4ab50000 - 0x00007ffe4ab71000 	C:\windows\SYSTEM32\USERENV.dll
0x00007ffe4d3a0000 - 0x00007ffe4d44a000 	C:\windows\system32\ADVAPI32.dll
0x00007ffe43d80000 - 0x00007ffe43d9e000 	C:\windows\SYSTEM32\MPR.dll
0x00007ffe4d890000 - 0x00007ffe4d9d0000 	C:\windows\system32\RPCRT4.dll
0x00007ffe4d830000 - 0x00007ffe4d889000 	C:\windows\SYSTEM32\sechost.dll
0x00007ffe4dfa0000 - 0x00007ffe4e1b1000 	C:\windows\SYSTEM32\combase.dll
0x00007ffe4e1d0000 - 0x00007ffe4e31f000 	C:\windows\system32\GDI32.dll
0x00007ffe4b5a0000 - 0x00007ffe4b5b5000 	C:\windows\SYSTEM32\profapi.dll
0x00007ffe49b20000 - 0x00007ffe49bd2000 	C:\windows\SYSTEM32\SHCORE.dll
0x00007ffe4d220000 - 0x00007ffe4d256000 	C:\windows\system32\IMM32.DLL
0x00007ffe4e320000 - 0x00007ffe4e472000 	C:\windows\system32\MSCTF.dll
0x00007ffe496a0000 - 0x00007ffe4991b000 	C:\windows\WinSxS\amd64_microsoft.windows.common-controls_6595b64144ccf1df_6.0.9600.18006_none_623f33d3ecbe86e8\COMCTL32.dll
0x0000000065500000 - 0x00000000655d2000 	D:\Android-Develop\jdk8\jre\bin\msvcr100.dll
0x0000000065af0000 - 0x0000000066380000 	D:\Android-Develop\jdk8\jre\bin\server\jvm.dll
0x00007ffe3c1d0000 - 0x00007ffe3c1d9000 	C:\windows\SYSTEM32\WSOCK32.dll
0x00007ffe48e50000 - 0x00007ffe48e72000 	C:\windows\SYSTEM32\WINMM.dll
0x00007ffe48ef0000 - 0x00007ffe48efa000 	C:\windows\SYSTEM32\VERSION.dll
0x00007ffe4df90000 - 0x00007ffe4df97000 	C:\windows\system32\PSAPI.DLL
0x00007ffe4d670000 - 0x00007ffe4d6ca000 	C:\windows\system32\WS2_32.dll
0x00007ffe48dd0000 - 0x00007ffe48dfa000 	C:\windows\SYSTEM32\WINMMBASE.dll
0x00007ffe4dbb0000 - 0x00007ffe4dbb9000 	C:\windows\system32\NSI.dll
0x00007ffe4b670000 - 0x00007ffe4b6bf000 	C:\windows\SYSTEM32\cfgmgr32.dll
0x00007ffe4a3c0000 - 0x00007ffe4a3e8000 	C:\windows\SYSTEM32\DEVOBJ.dll
0x0000000065ae0000 - 0x0000000065aef000 	D:\Android-Develop\jdk8\jre\bin\verify.dll
0x0000000065ab0000 - 0x0000000065ad9000 	D:\Android-Develop\jdk8\jre\bin\java.dll
0x0000000065a90000 - 0x0000000065aa6000 	D:\Android-Develop\jdk8\jre\bin\zip.dll

VM Arguments:
jvm_args: -Djava.awt.headless=true -Xmx1024M -Dfile.encoding=GBK -Duser.country=CN -Duser.language=zh -Duser.variant 
java_command: com.android.dx.command.Main --dex --force-jumbo --num-threads=4 --output D:\QG\project\Kinect-Doctor\KinectDoctor\app\build\intermediates\pre-dexed\debug\internal_impl-24.2.0_c74bb1f28dde78cff43bff53d092d8cc1bfe0384.jar D:\QG\project\Kinect-Doctor\KinectDoctor\app\build\intermediates\exploded-aar\com.android.support\support-core-utils\24.2.0\jars\libs\internal_impl-24.2.0.jar
java_class_path (initial): D:\Android-Develop\android_sdk\build-tools\24.0.1\lib\dx.jar
Launcher Type: SUN_STANDARD

Environment Variables:
OS=Windows_NT
PROCESSOR_IDENTIFIER=Intel64 Family 6 Model 69 Stepping 1, GenuineIntel



---------------  S Y S T E M  ---------------

OS: Windows 8.1 , 64 bit Build 9600 (6.3.9600.17415)

CPU:total 4 (2 cores per cpu, 2 threads per core) family 6 model 69 stepping 1, cmov, cx8, fxsr, mmx, sse, sse2, sse3, ssse3, sse4.1, sse4.2, popcnt, avx, avx2, aes, clmul, erms, lzcnt, ht, tsc, tscinvbit, bmi1, bmi2

Memory: 4k page, physical 4108652k(131576k free), swap 12582064k(5088k free)

vm_info: Java HotSpot(TM) 64-Bit Server VM (25.73-b02) for windows-amd64 JRE (1.8.0_73-b02), built on Jan 29 2016 17:38:49 by "java_re" with MS VC++ 10.0 (VS2010)

time: Sat Oct 22 23:04:31 2016
elapsed time: 5 seconds (0d 0h 0m 5s)

