#
# There is insufficient memory for the Java Runtime Environment to continue.
# Native memory allocation (malloc) failed to allocate 413008 bytes for Chunk::new
# Possible reasons:
#   The system is out of physical RAM or swap space
#   In 32 bit mode, the process size limit was hit
# Possible solutions:
#   Reduce memory load on the system
#   Increase physical memory or swap space
#   Check if swap backing store is full
#   Use 64 bit Java on a 64 bit OS
#   Decrease Java heap size (-Xmx/-Xms)
#   Decrease number of Java threads
#   Decrease Java thread stack sizes (-Xss)
#   Set larger code cache with -XX:ReservedCodeCacheSize=
# This output file may be truncated or incomplete.
#
#  Out of Memory Error (allocation.cpp:390), pid=18588, tid=15160
#
# JRE version: Java(TM) SE Runtime Environment (8.0_73-b02) (build 1.8.0_73-b02)
# Java VM: Java HotSpot(TM) 64-Bit Server VM (25.73-b02 mixed mode windows-amd64 compressed oops)
# Failed to write core dump. Minidumps are not enabled by default on client versions of Windows
#

---------------  T H R E A D  ---------------

Current thread (0x000000001542b000):  JavaThread "C2 CompilerThread0" daemon [_thread_in_native, id=15160, stack(0x0000000016930000,0x0000000016a30000)]

Stack: [0x0000000016930000,0x0000000016a30000]
[error occurred during error reporting (printing stack bounds), id 0xc0000005]

Native frames: (J=compiled Java code, j=interpreted, Vv=VM code, C=native code)


Current CompileTask:
C2:  29715 2949       4       com.android.dx.dex.code.LocalList::make (102 bytes)


---------------  P R O C E S S  ---------------

Java Threads: ( => current thread )
  0x0000000016a91800 JavaThread "Service Thread" daemon [_thread_blocked, id=14648, stack(0x0000000017030000,0x0000000017130000)]
  0x0000000016a8b800 JavaThread "C1 CompilerThread2" daemon [_thread_blocked, id=15980, stack(0x0000000016f30000,0x0000000017030000)]
  0x0000000016a85800 JavaThread "C2 CompilerThread1" daemon [_thread_blocked, id=8264, stack(0x0000000016e30000,0x0000000016f30000)]
=>0x000000001542b000 JavaThread "C2 CompilerThread0" daemon [_thread_in_native, id=15160, stack(0x0000000016930000,0x0000000016a30000)]
  0x00000000153df000 JavaThread "Attach Listener" daemon [_thread_blocked, id=17968, stack(0x0000000016830000,0x0000000016930000)]
  0x00000000153de000 JavaThread "Signal Dispatcher" daemon [_thread_blocked, id=13624, stack(0x0000000016730000,0x0000000016830000)]
  0x0000000002cd6800 JavaThread "Finalizer" daemon [_thread_blocked, id=19284, stack(0x0000000016630000,0x0000000016730000)]
  0x0000000002cce800 JavaThread "Reference Handler" daemon [_thread_blocked, id=19120, stack(0x0000000016530000,0x0000000016630000)]
  0x0000000002be0800 JavaThread "main" [_thread_in_Java, id=15380, stack(0x00000000027e0000,0x00000000028e0000)]

Other Threads:
  0x0000000015397000 VMThread [stack: 0x0000000016430000,0x0000000016530000] [id=8056]
  0x0000000016af4000 WatcherThread [stack: 0x0000000017130000,0x0000000017230000] [id=15456]

VM state:not at safepoint (normal execution)

VM Mutex/Monitor currently owned by a thread: None

Heap:
 PSYoungGen      total 144384K, used 109868K [0x00000000eab00000, 0x00000000fdb00000, 0x0000000100000000)
  eden space 129536K, 78% used [0x00000000eab00000,0x00000000f0dd4be0,0x00000000f2980000)
  from space 14848K, 58% used [0x00000000f2980000,0x00000000f31f6688,0x00000000f3800000)
  to   space 26112K, 0% used [0x00000000fc180000,0x00000000fc180000,0x00000000fdb00000)
 ParOldGen       total 82432K, used 43577K [0x00000000c0000000, 0x00000000c5080000, 0x00000000eab00000)
  object space 82432K, 52% used [0x00000000c0000000,0x00000000c2a8e480,0x00000000c5080000)
 Metaspace       used 6889K, capacity 7544K, committed 7680K, reserved 1056768K
  class space    used 644K, capacity 688K, committed 768K, reserved 1048576K

Card table byte_map: [0x00000000120c0000,0x00000000122d0000] byte_map_base: 0x0000000011ac0000

Marking Bits: (ParMarkBitMap*) 0x0000000066300600
 Begin Bits: [0x0000000012830000, 0x0000000013830000)
 End Bits:   [0x0000000013830000, 0x0000000014830000)

Polling page: 0x0000000000ef0000

CodeCache: size=245760Kb used=12727Kb max_used=12743Kb free=233032Kb
 bounds [0x0000000002d00000, 0x0000000003990000, 0x0000000011d00000]
 total_blobs=2985 nmethods=2713 adapters=184
 compilation: enabled

Compilation events (10 events):
Event: 29.626 Thread 0x0000000016a8b800 nmethod 2946 0x0000000003964c50 code [0x0000000003964da0, 0x0000000003964eb0]
Event: 29.628 Thread 0x000000001542b000 nmethod 2930 0x0000000003978210 code [0x00000000039783e0, 0x0000000003979288]
Event: 29.628 Thread 0x000000001542b000 2947       4       com.android.dx.dex.code.PositionList::make (224 bytes)
Event: 29.629 Thread 0x0000000016a8b800 2948       3       com.android.dx.dex.code.form.Form35c::compatibleRegs (69 bytes)
Event: 29.630 Thread 0x0000000016a8b800 nmethod 2948 0x0000000003976f10 code [0x0000000003977120, 0x0000000003977cb8]
Event: 29.636 Thread 0x0000000016a8b800 2950       1       com.android.dx.dex.code.form.Form22b::codeSize (2 bytes)
Event: 29.636 Thread 0x0000000016a8b800 nmethod 2950 0x000000000396d090 code [0x000000000396d1e0, 0x000000000396d2f0]
Event: 29.650 Thread 0x000000001542b000 nmethod 2947 0x0000000003972710 code [0x00000000039728a0, 0x0000000003973078]
Event: 29.650 Thread 0x000000001542b000 2949       4       com.android.dx.dex.code.LocalList::make (102 bytes)
Event: 29.685 Thread 0x0000000016a85800 nmethod 2944 0x000000000397e850 code [0x000000000397ea60, 0x000000000397fd20]

GC Heap History (10 events):
Event: 12.563 GC heap before
{Heap before GC invocations=4 (full 0):
 PSYoungGen      total 35328K, used 35307K [0x00000000eab00000, 0x00000000ef000000, 0x0000000100000000)
  eden space 32768K, 100% used [0x00000000eab00000,0x00000000ecb00000,0x00000000ecb00000)
  from space 2560K, 99% used [0x00000000ecb00000,0x00000000ecd7adc0,0x00000000ecd80000)
  to   space 2560K, 0% used [0x00000000eed80000,0x00000000eed80000,0x00000000ef000000)
 ParOldGen       total 44032K, used 8310K [0x00000000c0000000, 0x00000000c2b00000, 0x00000000eab00000)
  object space 44032K, 18% used [0x00000000c0000000,0x00000000c081dac8,0x00000000c2b00000)
 Metaspace       used 6244K, capacity 7090K, committed 7296K, reserved 1056768K
  class space    used 596K, capacity 618K, committed 640K, reserved 1048576K
Event: 12.968 GC heap after
Heap after GC invocations=4 (full 0):
 PSYoungGen      total 68096K, used 2539K [0x00000000eab00000, 0x00000000ef000000, 0x0000000100000000)
  eden space 65536K, 0% used [0x00000000eab00000,0x00000000eab00000,0x00000000eeb00000)
  from space 2560K, 99% used [0x00000000eed80000,0x00000000eeffadc0,0x00000000ef000000)
  to   space 2560K, 0% used [0x00000000eeb00000,0x00000000eeb00000,0x00000000eed80000)
 ParOldGen       total 44032K, used 13239K [0x00000000c0000000, 0x00000000c2b00000, 0x00000000eab00000)
  object space 44032K, 30% used [0x00000000c0000000,0x00000000c0cedc98,0x00000000c2b00000)
 Metaspace       used 6244K, capacity 7090K, committed 7296K, reserved 1056768K
  class space    used 596K, capacity 618K, committed 640K, reserved 1048576K
}
Event: 16.051 GC heap before
{Heap before GC invocations=5 (full 0):
 PSYoungGen      total 68096K, used 68075K [0x00000000eab00000, 0x00000000ef000000, 0x0000000100000000)
  eden space 65536K, 100% used [0x00000000eab00000,0x00000000eeb00000,0x00000000eeb00000)
  from space 2560K, 99% used [0x00000000eed80000,0x00000000eeffadc0,0x00000000ef000000)
  to   space 2560K, 0% used [0x00000000eeb00000,0x00000000eeb00000,0x00000000eed80000)
 ParOldGen       total 44032K, used 13239K [0x00000000c0000000, 0x00000000c2b00000, 0x00000000eab00000)
  object space 44032K, 30% used [0x00000000c0000000,0x00000000c0cedc98,0x00000000c2b00000)
 Metaspace       used 6288K, capacity 7090K, committed 7296K, reserved 1056768K
  class space    used 597K, capacity 618K, committed 640K, reserved 1048576K
Event: 16.311 GC heap after
Heap after GC invocations=5 (full 0):
 PSYoungGen      total 68096K, used 2539K [0x00000000eab00000, 0x00000000f4500000, 0x0000000100000000)
  eden space 65536K, 0% used [0x00000000eab00000,0x00000000eab00000,0x00000000eeb00000)
  from space 2560K, 99% used [0x00000000eeb00000,0x00000000eed7ade0,0x00000000eed80000)
  to   space 13312K, 0% used [0x00000000f3800000,0x00000000f3800000,0x00000000f4500000)
 ParOldGen       total 44032K, used 23031K [0x00000000c0000000, 0x00000000c2b00000, 0x00000000eab00000)
  object space 44032K, 52% used [0x00000000c0000000,0x00000000c167df90,0x00000000c2b00000)
 Metaspace       used 6288K, capacity 7090K, committed 7296K, reserved 1056768K
  class space    used 597K, capacity 618K, committed 640K, reserved 1048576K
}
Event: 19.238 GC heap before
{Heap before GC invocations=6 (full 0):
 PSYoungGen      total 68096K, used 68075K [0x00000000eab00000, 0x00000000f4500000, 0x0000000100000000)
  eden space 65536K, 100% used [0x00000000eab00000,0x00000000eeb00000,0x00000000eeb00000)
  from space 2560K, 99% used [0x00000000eeb00000,0x00000000eed7ade0,0x00000000eed80000)
  to   space 13312K, 0% used [0x00000000f3800000,0x00000000f3800000,0x00000000f4500000)
 ParOldGen       total 44032K, used 23031K [0x00000000c0000000, 0x00000000c2b00000, 0x00000000eab00000)
  object space 44032K, 52% used [0x00000000c0000000,0x00000000c167df90,0x00000000c2b00000)
 Metaspace       used 6484K, capacity 7192K, committed 7424K, reserved 1056768K
  class space    used 622K, capacity 656K, committed 768K, reserved 1048576K
Event: 19.520 GC heap after
Heap after GC invocations=6 (full 0):
 PSYoungGen      total 142848K, used 11974K [0x00000000eab00000, 0x00000000f4800000, 0x0000000100000000)
  eden space 129536K, 0% used [0x00000000eab00000,0x00000000eab00000,0x00000000f2980000)
  from space 13312K, 89% used [0x00000000f3800000,0x00000000f43b1a18,0x00000000f4500000)
  to   space 14848K, 0% used [0x00000000f2980000,0x00000000f2980000,0x00000000f3800000)
 ParOldGen       total 44032K, used 23031K [0x00000000c0000000, 0x00000000c2b00000, 0x00000000eab00000)
  object space 44032K, 52% used [0x00000000c0000000,0x00000000c167df90,0x00000000c2b00000)
 Metaspace       used 6484K, capacity 7192K, committed 7424K, reserved 1056768K
  class space    used 622K, capacity 656K, committed 768K, reserved 1048576K
}
Event: 23.109 GC heap before
{Heap before GC invocations=7 (full 0):
 PSYoungGen      total 142848K, used 141510K [0x00000000eab00000, 0x00000000f4800000, 0x0000000100000000)
  eden space 129536K, 100% used [0x00000000eab00000,0x00000000f2980000,0x00000000f2980000)
  from space 13312K, 89% used [0x00000000f3800000,0x00000000f43b1a18,0x00000000f4500000)
  to   space 14848K, 0% used [0x00000000f2980000,0x00000000f2980000,0x00000000f3800000)
 ParOldGen       total 44032K, used 23031K [0x00000000c0000000, 0x00000000c2b00000, 0x00000000eab00000)
  object space 44032K, 52% used [0x00000000c0000000,0x00000000c167df90,0x00000000c2b00000)
 Metaspace       used 6570K, capacity 7256K, committed 7424K, reserved 1056768K
  class space    used 626K, capacity 656K, committed 768K, reserved 1048576K
Event: 23.296 GC heap after
Heap after GC invocations=7 (full 0):
 PSYoungGen      total 144384K, used 14844K [0x00000000eab00000, 0x00000000fdb00000, 0x0000000100000000)
  eden space 129536K, 0% used [0x00000000eab00000,0x00000000eab00000,0x00000000f2980000)
  from space 14848K, 99% used [0x00000000f2980000,0x00000000f37ff190,0x00000000f3800000)
  to   space 26112K, 0% used [0x00000000fc180000,0x00000000fc180000,0x00000000fdb00000)
 ParOldGen       total 44032K, used 39783K [0x00000000c0000000, 0x00000000c2b00000, 0x00000000eab00000)
  object space 44032K, 90% used [0x00000000c0000000,0x00000000c26d9ca0,0x00000000c2b00000)
 Metaspace       used 6570K, capacity 7256K, committed 7424K, reserved 1056768K
  class space    used 626K, capacity 656K, committed 768K, reserved 1048576K
}
Event: 23.296 GC heap before
{Heap before GC invocations=8 (full 1):
 PSYoungGen      total 144384K, used 14844K [0x00000000eab00000, 0x00000000fdb00000, 0x0000000100000000)
  eden space 129536K, 0% used [0x00000000eab00000,0x00000000eab00000,0x00000000f2980000)
  from space 14848K, 99% used [0x00000000f2980000,0x00000000f37ff190,0x00000000f3800000)
  to   space 26112K, 0% used [0x00000000fc180000,0x00000000fc180000,0x00000000fdb00000)
 ParOldGen       total 44032K, used 39783K [0x00000000c0000000, 0x00000000c2b00000, 0x00000000eab00000)
  object space 44032K, 90% used [0x00000000c0000000,0x00000000c26d9ca0,0x00000000c2b00000)
 Metaspace       used 6570K, capacity 7256K, committed 7424K, reserved 1056768K
  class space    used 626K, capacity 656K, committed 768K, reserved 1048576K
Event: 24.629 GC heap after
Heap after GC invocations=8 (full 1):
 PSYoungGen      total 144384K, used 8665K [0x00000000eab00000, 0x00000000fdb00000, 0x0000000100000000)
  eden space 129536K, 0% used [0x00000000eab00000,0x00000000eab00000,0x00000000f2980000)
  from space 14848K, 58% used [0x00000000f2980000,0x00000000f31f6688,0x00000000f3800000)
  to   space 26112K, 0% used [0x00000000fc180000,0x00000000fc180000,0x00000000fdb00000)
 ParOldGen       total 82432K, used 43577K [0x00000000c0000000, 0x00000000c5080000, 0x00000000eab00000)
  object space 82432K, 52% used [0x00000000c0000000,0x00000000c2a8e480,0x00000000c5080000)
 Metaspace       used 6570K, capacity 7256K, committed 7424K, reserved 1056768K
  class space    used 626K, capacity 656K, committed 768K, reserved 1048576K
}

Deoptimization events (10 events):
Event: 28.606 Thread 0x0000000002be0800 Uncommon trap: reason=unstable_if action=reinterpret pc=0x00000000038b06cc method=com.android.dx.dex.code.OutputFinisher.findOpcodeForInsn(Lcom/android/dx/dex/code/DalvInsn;Lcom/android/dx/dex/code/Dop;)Lcom/android/dx/dex/code/Dop; @ 1
Event: 28.856 Thread 0x0000000002be0800 Uncommon trap: reason=unstable_if action=reinterpret pc=0x000000000390e8a0 method=com.android.dx.dex.code.OutputFinisher.findOpcodeForInsn(Lcom/android/dx/dex/code/DalvInsn;Lcom/android/dx/dex/code/Dop;)Lcom/android/dx/dex/code/Dop; @ 1
Event: 28.857 Thread 0x0000000002be0800 Uncommon trap: reason=unstable_if action=reinterpret pc=0x000000000390b41c method=com.android.dx.dex.code.OutputFinisher.align64bits([Lcom/android/dx/dex/code/Dop;)V @ 205
Event: 28.857 Thread 0x0000000002be0800 Uncommon trap: reason=unstable_if action=reinterpret pc=0x000000000391cf28 method=com.android.dx.dex.code.OutputFinisher.massageInstructions([Lcom/android/dx/dex/code/Dop;)V @ 4
Event: 28.957 Thread 0x0000000002be0800 Uncommon trap: reason=unstable_if action=reinterpret pc=0x000000000391933c method=com.android.dx.rop.code.SourcePosition.sameLine(Lcom/android/dx/rop/code/SourcePosition;)Z @ 8
Event: 28.958 Thread 0x0000000002be0800 Uncommon trap: reason=unstable_if action=reinterpret pc=0x000000000385e698 method=com.android.dx.rop.code.SourcePosition.sameLine(Lcom/android/dx/rop/code/SourcePosition;)Z @ 8
Event: 28.958 Thread 0x0000000002be0800 Uncommon trap: reason=unstable_if action=reinterpret pc=0x000000000393cc58 method=com.android.dx.dex.code.LocalList.make(Lcom/android/dx/dex/code/DalvInsnList;)Lcom/android/dx/dex/code/LocalList; @ 65
Event: 28.959 Thread 0x0000000002be0800 Uncommon trap: reason=unstable_if action=reinterpret pc=0x00000000038eb914 method=com.android.dx.dex.code.LocalList$MakeState.filterSpec(Lcom/android/dx/rop/code/RegisterSpec;)Lcom/android/dx/rop/code/RegisterSpec; @ 1
Event: 29.426 Thread 0x0000000002be0800 Uncommon trap: reason=unstable_if action=reinterpret pc=0x000000000393a874 method=com.android.dx.rop.code.RegisterSpecSet.withOffset(I)Lcom/android/dx/rop/code/RegisterSpecSet; @ 37
Event: 29.463 Thread 0x0000000002be0800 Uncommon trap: reason=unstable_if action=reinterpret pc=0x000000000394d4e0 method=com.android.dx.dex.code.LocalList$MakeState.snapshot(ILcom/android/dx/rop/code/RegisterSpecSet;)V @ 66

Internal exceptions (5 events):
Event: 0.265 Thread 0x0000000002be0800 Exception <a 'java/lang/NoSuchMethodError': Method sun.misc.Unsafe.defineClass(Ljava/lang/String;[BII)Ljava/lang/Class; name or signature does not match> (0x00000000eab130b8) thrown at [D:\re\puppet\workspace\8-2-build-windows-amd64-cygwin\jdk8u73\6086\hotâ#›«úÐ?
Event: 0.265 Thread 0x0000000002be0800 Exception <a 'java/lang/NoSuchMethodError': Method sun.misc.Unsafe.prefetchRead(Ljava/lang/Object;J)V name or signature does not match> (0x00000000eab133a0) thrown at [D:\re\puppet\workspace\8-2-build-windows-amd64-cygwin\jdk8u73\6086\hotspot\src\share\vm\ÝG—4H
2@
Event: 18.040 Thread 0x0000000016c99000 Exception <a 'java/lang/ArrayIndexOutOfBoundsException': 18> (0x00000000ed110588) thrown at [D:\re\puppet\workspace\8-2-build-windows-amd64-cygwin\jdk8u73\6086\hotspot\src\share\vm\interpreter\interpreterRuntime.cpp, line 366]
Event: 18.041 Thread 0x0000000016c99000 Exception <a 'java/lang/ArrayIndexOutOfBoundsException'> (0x00000000ed112108) thrown at [D:\re\puppet\workspace\8-2-build-windows-amd64-cygwin\jdk8u73\6086\hotspot\src\share\vm\runtime\sharedRuntime.cpp, line 605]
Event: 18.042 Thread 0x0000000016c99000 Exception <a 'java/lang/ArrayIndexOutOfBoundsException'> (0x00000000ed1133f0) thrown at [D:\re\puppet\workspace\8-2-build-windows-amd64-cygwin\jdk8u73\6086\hotspot\src\share\vm\runtime\sharedRuntime.cpp, line 605]

Events (10 events):
Event: 29.578 Thread 0x0000000002be0800 DEOPT PACKING pc=0x000000000393428b sp=0x00000000028debf0
Event: 29.578 Thread 0x0000000002be0800 DEOPT UNPACKING pc=0x0000000002d4787f sp=0x00000000028de968 mode 0
Event: 29.605 Thread 0x0000000002be0800 DEOPT PACKING pc=0x0000000003941c26 sp=0x00000000028debe0
Event: 29.605 Thread 0x0000000002be0800 DEOPT UNPACKING pc=0x0000000002d4787f sp=0x00000000028de9a8 mode 0
Event: 29.606 Thread 0x0000000002be0800 DEOPT PACKING pc=0x000000000393bd19 sp=0x00000000028deb00
Event: 29.606 Thread 0x0000000002be0800 DEOPT UNPACKING pc=0x0000000002d4787f sp=0x00000000028de850 mode 0
Event: 29.628 Thread 0x0000000002be0800 DEOPT PACKING pc=0x0000000003941c26 sp=0x00000000028dea60
Event: 29.628 Thread 0x0000000002be0800 DEOPT UNPACKING pc=0x0000000002d4787f sp=0x00000000028de828 mode 0
Event: 29.634 Thread 0x0000000002be0800 DEOPT PACKING pc=0x000000000393bd19 sp=0x00000000028dec80
Event: 29.634 Thread 0x0000000002be0800 DEOPT UNPACKING pc=0x0000000002d4787f sp=0x00000000028de9d0 mode 0


Dynamic libraries:
0x00007ff65d290000 - 0x00007ff65d2c7000 	D:\Android-Develop\jdk8\bin\java.exe
0x00007ffe4e480000 - 0x00007ffe4e62d000 	C:\windows\SYSTEM32\ntdll.dll
0x00007ffe4d6d0000 - 0x00007ffe4d80e000 	C:\windows\system32\KERNEL32.DLL
0x00007ffe4b6c0000 - 0x00007ffe4b7d5000 	C:\windows\system32\KERNELBASE.dll
0x00007ffe4a150000 - 0x00007ffe4a1de000 	C:\windows\system32\apphelp.dll
0x00007ffe341e0000 - 0x00007ffe34233000 	C:\windows\AppPatch\AppPatch64\AcGenral.DLL
0x00007ffe4dd60000 - 0x00007ffe4de0a000 	C:\windows\system32\msvcrt.dll
0x00007ffe4b890000 - 0x00007ffe4b8be000 	C:\windows\system32\SspiCli.dll
0x00007ffe4db50000 - 0x00007ffe4dba4000 	C:\windows\system32\SHLWAPI.dll
0x00007ffe4d9d0000 - 0x00007ffe4db47000 	C:\windows\system32\USER32.dll
0x00007ffe4dbc0000 - 0x00007ffe4dd54000 	C:\windows\system32\ole32.dll
0x00007ffe4bb00000 - 0x00007ffe4d028000 	C:\windows\system32\SHELL32.dll
0x00007ffe4ab50000 - 0x00007ffe4ab71000 	C:\windows\SYSTEM32\USERENV.dll
0x00007ffe4d3a0000 - 0x00007ffe4d44a000 	C:\windows\system32\ADVAPI32.dll
0x00007ffe43d80000 - 0x00007ffe43d9e000 	C:\windows\SYSTEM32\MPR.dll
0x00007ffe4d890000 - 0x00007ffe4d9d0000 	C:\windows\system32\RPCRT4.dll
0x00007ffe4d830000 - 0x00007ffe4d889000 	C:\windows\SYSTEM32\sechost.dll
0x00007ffe4dfa0000 - 0x00007ffe4e1b1000 	C:\windows\SYSTEM32\combase.dll
0x00007ffe4e1d0000 - 0x00007ffe4e31f000 	C:\windows\system32\GDI32.dll
0x00007ffe4b5a0000 - 0x00007ffe4b5b5000 	C:\windows\SYSTEM32\profapi.dll
0x00007ffe49b20000 - 0x00007ffe49bd2000 	C:\windows\SYSTEM32\SHCORE.dll
0x00007ffe4d220000 - 0x00007ffe4d256000 	C:\windows\system32\IMM32.DLL
0x00007ffe4e320000 - 0x00007ffe4e472000 	C:\windows\system32\MSCTF.dll
0x00007ffe496a0000 - 0x00007ffe4991b000 	C:\windows\WinSxS\amd64_microsoft.windows.common-controls_6595b64144ccf1df_6.0.9600.18006_none_623f33d3ecbe86e8\COMCTL32.dll
0x0000000065500000 - 0x00000000655d2000 	D:\Android-Develop\jdk8\jre\bin\msvcr100.dll
0x0000000065af0000 - 0x0000000066380000 	D:\Android-Develop\jdk8\jre\bin\server\jvm.dll
0x00007ffe3c1d0000 - 0x00007ffe3c1d9000 	C:\windows\SYSTEM32\WSOCK32.dll
0x00007ffe48e50000 - 0x00007ffe48e72000 	C:\windows\SYSTEM32\WINMM.dll
0x00007ffe48ef0000 - 0x00007ffe48efa000 	C:\windows\SYSTEM32\VERSION.dll
0x00007ffe4df90000 - 0x00007ffe4df97000 	C:\windows\system32\PSAPI.DLL
0x00007ffe4d670000 - 0x00007ffe4d6ca000 	C:\windows\system32\WS2_32.dll
0x00007ffe48dd0000 - 0x00007ffe48dfa000 	C:\windows\SYSTEM32\WINMMBASE.dll
0x00007ffe4dbb0000 - 0x00007ffe4dbb9000 	C:\windows\system32\NSI.dll
0x00007ffe4b670000 - 0x00007ffe4b6bf000 	C:\windows\SYSTEM32\cfgmgr32.dll
0x00007ffe4a3c0000 - 0x00007ffe4a3e8000 	C:\windows\SYSTEM32\DEVOBJ.dll
0x0000000065ae0000 - 0x0000000065aef000 	D:\Android-Develop\jdk8\jre\bin\verify.dll
0x0000000065ab0000 - 0x0000000065ad9000 	D:\Android-Develop\jdk8\jre\bin\java.dll
0x0000000065a90000 - 0x0000000065aa6000 	D:\Android-Develop\jdk8\jre\bin\zip.dll

VM Arguments:
jvm_args: -Djava.awt.headless=true -Xmx1024M -Dfile.encoding=GBK -Duser.country=CN -Duser.language=zh -Duser.variant 
java_command: com.android.dx.command.Main --dex --force-jumbo --num-threads=4 --output D:\QG\project\Kinect-Doctor\KinectDoctor\app\build\intermediates\pre-dexed\debug\hyphenatechat_3.2.0_099c2613046f0a648010d5679a9555ee2824e4fa.jar D:\QG\project\Kinect-Doctor\KinectDoctor\libs\hyphenatechat_3.2.0.jar
java_class_path (initial): D:\Android-Develop\android_sdk\build-tools\24.0.1\lib\dx.jar
Launcher Type: SUN_STANDARD

Environment Variables:
JAVA_HOME=D:\Android-Develop\jdk8
CLASSPATH=.;D:\Android-Develop\jdk8\lib\dt.jar;D:\Android-Develop\jdk8\lib\tools.jar
PATH=C:\Program Files (x86)\Intel\iCLS Client\;C:\Program Files\Intel\iCLS Client\;C:\windows\system32;C:\windows;C:\windows\System32\Wbem;C:\windows\System32\WindowsPowerShell\v1.0\;C:\Program Files (x86)\Intel\Intel(R) Management Engine Components\DAL;C:\Program Files\Intel\Intel(R) Management Engine Components\DAL;C:\Program Files (x86)\Intel\Intel(R) Management Engine Components\IPT;C:\Program Files\Intel\Intel(R) Management Engine Components\IPT;C:\Program Files (x86)\ATI Technologies\ATI.ACE\Core-Static;D:/Android Develop/jdk8/bin/;D:/Android Develop/android_sdk/;C:\Program Files\nodejs\;D:\GCC\MinGW\bin\;C:\Program Files\TortoiseSVN\bin\;D:\QG\Git\Git;C:\Program Files\TortoiseSVN\bin;D:\Gradle\gradle-2.14\bin;D:\Android Develop\android_sdk\platform-tools;D:\MySql\Git\cmd;C:\Users\ZH_L\AppData\Local\atom\bin;C:\Users\ZH_L\AppData\Roaming\npm;C:\Modeltech_pe_edu_10.4a\win32pe_edu;C:\Users\ZH_L\Desktop
USERNAME=ZH_L
OS=Windows_NT
PROCESSOR_IDENTIFIER=Intel64 Family 6 Model 69 Stepping 1, GenuineIntel



---------------  S Y S T E M  ---------------

OS: Windows 8.1 , 64 bit Build 9600 (6.3.9600.17415)

CPU:total 4 (2 cores per cpu, 2 threads per core) family 6 model 69 stepping 1, cmov, cx8, fxsr, mmx, sse, sse2, sse3, ssse3, sse4.1, sse4.2, popcnt, avx, avx2, aes, clmul, erms, lzcnt, ht, tsc, tscinvbit, bmi1, bmi2

Memory: 4k page, physical 4108652k(131320k free), swap 12582064k(5088k free)

vm_info: Java HotSpot(TM) 64-Bit Server VM (25.73-b02) for windows-amd64 JRE (1.8.0_73-b02), built on Jan 29 2016 17:38:49 by "java_re" with MS VC++ 10.0 (VS2010)

time: Sat Oct 22 23:04:31 2016
elapsed time: 29 seconds (0d 0h 0m 29s)

